<?xml version="1.0" encoding="UTF-8"?>
<beans xmlns="http://www.springframework.org/schema/beans"
       xmlns:xsi="http://www.w3.org/2001/XMLSchema-instance"
       xsi:schemaLocation="http://www.springframework.org/schema/beans http://www.springframework.org/schema/beans/spring-beans-4.3.xsd">

    <bean id="entityManagerFactory" class="org.springframework.orm.jpa.LocalContainerEntityManagerFactoryBean" primary="true">
        <property name="persistenceProviderClass" value="org.hibernate.jpa.HibernatePersistenceProvider"/>
        <property name="persistenceUnitName" value="hibernatePersistence"/>
        <property name="dataSource" ref="appDataSource"/>
        <property name="jpaProperties">
            <props>
                <prop key="hibernate.dialect">org.hibernate.dialect.Oracle10gDialect</prop>
            </props>
        </property>
    </bean>

</beans>
