<?xml version="1.0" encoding="UTF-8"?>
<beans xmlns="http://www.springframework.org/schema/beans"
       xmlns:xsi="http://www.w3.org/2001/XMLSchema-instance"
       xmlns:jdbc="http://www.springframework.org/schema/jdbc"
       xsi:schemaLocation="
       http://www.springframework.org/schema/beans http://www.springframework.org/schema/beans/spring-beans-4.3.xsd
       http://www.springframework.org/schema/jdbc http://www.springframework.org/schema/jdbc/spring-jdbc-4.3.xsd">

    <bean id="appDataSource" name="appDataSource" class="org.apache.commons.dbcp.BasicDataSource" destroy-method="close" primary="true">
        <description>Test data source.</description>
        <property name="driverClassName">
            <value>org.h2.Driver</value>
        </property>
        <property name="url">
            <value>jdbc:h2:mem:test;mode=oracle</value>
        </property>
    </bean>

    <jdbc:initialize-database data-source="appDataSource" ignore-failures="ALL">
        <jdbc:script location="file:src/main/skripte/sql/register-tabellen-erzeugen.sql"/>
    </jdbc:initialize-database>

</beans>
